[27-Nov-2017 06:23:33 UTC] PHP Notice:  Undefined offset: 0 in /Applications/MAMP/htdocs/wp/wp-content/themes/trvancouver/weather.php on line 204
[27-Nov-2017 06:24:34 UTC] PHP Notice:  Undefined offset: 0 in /Applications/MAMP/htdocs/wp/wp-content/themes/trvancouver/weather.php on line 204
[28-Nov-2017 07:02:20 UTC] PHP Notice:  Undefined index: w_language in /Applications/MAMP/htdocs/wp/wp-content/themes/trvancouver/weather.php on line 504
[28-Nov-2017 07:12:35 UTC] PHP Notice:  Undefined index: w_language in /Applications/MAMP/htdocs/wp/wp-content/themes/trvancouver/weather.php on line 504
[28-Nov-2017 07:46:52 UTC] PHP Parse error:  syntax error, unexpected ';', expecting ',' or ')' in /Applications/MAMP/htdocs/wp/wp-content/themes/trvancouver/weather.php on line 686
[28-Nov-2017 07:49:43 UTC] PHP Notice:  Undefined index: temp in /Applications/MAMP/htdocs/wp/wp-content/themes/trvancouver/weather.php on line 687
[28-Nov-2017 07:49:43 UTC] PHP Notice:  Undefined index: temp in /Applications/MAMP/htdocs/wp/wp-content/themes/trvancouver/weather.php on line 687
[28-Nov-2017 07:49:43 UTC] PHP Notice:  Undefined index: temp in /Applications/MAMP/htdocs/wp/wp-content/themes/trvancouver/weather.php on line 687
[28-Nov-2017 07:49:43 UTC] PHP Notice:  Undefined index: temp in /Applications/MAMP/htdocs/wp/wp-content/themes/trvancouver/weather.php on line 687
[28-Nov-2017 07:49:43 UTC] PHP Notice:  Undefined index: temp in /Applications/MAMP/htdocs/wp/wp-content/themes/trvancouver/weather.php on line 687
[28-Nov-2017 07:49:43 UTC] PHP Notice:  Undefined index: temp in /Applications/MAMP/htdocs/wp/wp-content/themes/trvancouver/weather.php on line 687
[28-Nov-2017 07:49:43 UTC] PHP Notice:  Undefined index: temp in /Applications/MAMP/htdocs/wp/wp-content/themes/trvancouver/weather.php on line 687
[28-Nov-2017 07:49:43 UTC] PHP Notice:  Undefined index: temp in /Applications/MAMP/htdocs/wp/wp-content/themes/trvancouver/weather.php on line 687
[28-Nov-2017 07:49:43 UTC] PHP Notice:  Undefined index: temp in /Applications/MAMP/htdocs/wp/wp-content/themes/trvancouver/weather.php on line 687
[28-Nov-2017 07:49:43 UTC] PHP Notice:  Undefined index: temp in /Applications/MAMP/htdocs/wp/wp-content/themes/trvancouver/weather.php on line 687
[28-Nov-2017 07:49:43 UTC] PHP Notice:  Undefined index: temp in /Applications/MAMP/htdocs/wp/wp-content/themes/trvancouver/weather.php on line 687
[28-Nov-2017 07:49:43 UTC] PHP Notice:  Undefined index: temp in /Applications/MAMP/htdocs/wp/wp-content/themes/trvancouver/weather.php on line 687
[28-Nov-2017 07:49:43 UTC] PHP Notice:  Undefined index: temp in /Applications/MAMP/htdocs/wp/wp-content/themes/trvancouver/weather.php on line 687
[28-Nov-2017 07:49:43 UTC] PHP Notice:  Undefined index: temp in /Applications/MAMP/htdocs/wp/wp-content/themes/trvancouver/weather.php on line 687
[28-Nov-2017 07:49:43 UTC] PHP Notice:  Undefined index: temp in /Applications/MAMP/htdocs/wp/wp-content/themes/trvancouver/weather.php on line 687
[28-Nov-2017 07:49:43 UTC] PHP Notice:  Undefined index: temp in /Applications/MAMP/htdocs/wp/wp-content/themes/trvancouver/weather.php on line 687
[28-Nov-2017 07:49:43 UTC] PHP Notice:  Undefined index: temp in /Applications/MAMP/htdocs/wp/wp-content/themes/trvancouver/weather.php on line 687
[28-Nov-2017 07:49:43 UTC] PHP Notice:  Undefined index: temp in /Applications/MAMP/htdocs/wp/wp-content/themes/trvancouver/weather.php on line 687
[28-Nov-2017 07:49:43 UTC] PHP Notice:  Undefined index: temp in /Applications/MAMP/htdocs/wp/wp-content/themes/trvancouver/weather.php on line 687
[28-Nov-2017 07:49:43 UTC] PHP Notice:  Undefined index: temp in /Applications/MAMP/htdocs/wp/wp-content/themes/trvancouver/weather.php on line 687
[28-Nov-2017 07:49:43 UTC] PHP Notice:  Undefined index: temp in /Applications/MAMP/htdocs/wp/wp-content/themes/trvancouver/weather.php on line 687
[28-Nov-2017 07:49:43 UTC] PHP Notice:  Undefined index: temp in /Applications/MAMP/htdocs/wp/wp-content/themes/trvancouver/weather.php on line 687
[28-Nov-2017 07:49:43 UTC] PHP Notice:  Undefined index: temp in /Applications/MAMP/htdocs/wp/wp-content/themes/trvancouver/weather.php on line 687
[28-Nov-2017 07:49:43 UTC] PHP Notice:  Undefined index: temp in /Applications/MAMP/htdocs/wp/wp-content/themes/trvancouver/weather.php on line 687
[28-Nov-2017 07:49:43 UTC] PHP Notice:  Undefined index: temp in /Applications/MAMP/htdocs/wp/wp-content/themes/trvancouver/weather.php on line 687
[28-Nov-2017 07:49:43 UTC] PHP Notice:  Undefined index: temp in /Applications/MAMP/htdocs/wp/wp-content/themes/trvancouver/weather.php on line 687
[28-Nov-2017 07:49:43 UTC] PHP Notice:  Undefined index: temp in /Applications/MAMP/htdocs/wp/wp-content/themes/trvancouver/weather.php on line 687
[28-Nov-2017 07:49:43 UTC] PHP Notice:  Undefined index: temp in /Applications/MAMP/htdocs/wp/wp-content/themes/trvancouver/weather.php on line 687
[28-Nov-2017 07:49:43 UTC] PHP Notice:  Undefined index: temp in /Applications/MAMP/htdocs/wp/wp-content/themes/trvancouver/weather.php on line 687
[28-Nov-2017 07:49:43 UTC] PHP Notice:  Undefined index: temp in /Applications/MAMP/htdocs/wp/wp-content/themes/trvancouver/weather.php on line 687
[28-Nov-2017 07:49:43 UTC] PHP Notice:  Undefined index: temp in /Applications/MAMP/htdocs/wp/wp-content/themes/trvancouver/weather.php on line 687
[28-Nov-2017 07:49:43 UTC] PHP Notice:  Undefined index: temp in /Applications/MAMP/htdocs/wp/wp-content/themes/trvancouver/weather.php on line 687
[28-Nov-2017 07:49:43 UTC] PHP Notice:  Undefined index: temp in /Applications/MAMP/htdocs/wp/wp-content/themes/trvancouver/weather.php on line 687
[28-Nov-2017 07:49:43 UTC] PHP Notice:  Undefined index: temp in /Applications/MAMP/htdocs/wp/wp-content/themes/trvancouver/weather.php on line 687
[28-Nov-2017 07:49:43 UTC] PHP Notice:  Undefined index: temp in /Applications/MAMP/htdocs/wp/wp-content/themes/trvancouver/weather.php on line 687
[28-Nov-2017 07:49:43 UTC] PHP Notice:  Undefined index: temp in /Applications/MAMP/htdocs/wp/wp-content/themes/trvancouver/weather.php on line 687
[28-Nov-2017 07:49:43 UTC] PHP Notice:  Undefined index: temp in /Applications/MAMP/htdocs/wp/wp-content/themes/trvancouver/weather.php on line 687
[28-Nov-2017 07:50:22 UTC] PHP Notice:  Undefined index: temp in /Applications/MAMP/htdocs/wp/wp-content/themes/trvancouver/weather.php on line 687
[28-Nov-2017 07:50:22 UTC] PHP Notice:  Undefined index: temp in /Applications/MAMP/htdocs/wp/wp-content/themes/trvancouver/weather.php on line 687
[28-Nov-2017 07:50:22 UTC] PHP Notice:  Undefined index: temp in /Applications/MAMP/htdocs/wp/wp-content/themes/trvancouver/weather.php on line 687
[28-Nov-2017 07:50:22 UTC] PHP Notice:  Undefined index: temp in /Applications/MAMP/htdocs/wp/wp-content/themes/trvancouver/weather.php on line 687
[28-Nov-2017 07:50:22 UTC] PHP Notice:  Undefined index: temp in /Applications/MAMP/htdocs/wp/wp-content/themes/trvancouver/weather.php on line 687
[28-Nov-2017 07:50:22 UTC] PHP Notice:  Undefined index: temp in /Applications/MAMP/htdocs/wp/wp-content/themes/trvancouver/weather.php on line 687
[28-Nov-2017 07:50:22 UTC] PHP Notice:  Undefined index: temp in /Applications/MAMP/htdocs/wp/wp-content/themes/trvancouver/weather.php on line 687
[28-Nov-2017 07:50:22 UTC] PHP Notice:  Undefined index: temp in /Applications/MAMP/htdocs/wp/wp-content/themes/trvancouver/weather.php on line 687
[28-Nov-2017 07:50:22 UTC] PHP Notice:  Undefined index: temp in /Applications/MAMP/htdocs/wp/wp-content/themes/trvancouver/weather.php on line 687
[28-Nov-2017 07:50:22 UTC] PHP Notice:  Undefined index: temp in /Applications/MAMP/htdocs/wp/wp-content/themes/trvancouver/weather.php on line 687
[28-Nov-2017 07:50:22 UTC] PHP Notice:  Undefined index: temp in /Applications/MAMP/htdocs/wp/wp-content/themes/trvancouver/weather.php on line 687
[28-Nov-2017 07:50:22 UTC] PHP Notice:  Undefined index: temp in /Applications/MAMP/htdocs/wp/wp-content/themes/trvancouver/weather.php on line 687
[28-Nov-2017 07:50:22 UTC] PHP Notice:  Undefined index: temp in /Applications/MAMP/htdocs/wp/wp-content/themes/trvancouver/weather.php on line 687
[28-Nov-2017 07:50:22 UTC] PHP Notice:  Undefined index: temp in /Applications/MAMP/htdocs/wp/wp-content/themes/trvancouver/weather.php on line 687
[28-Nov-2017 07:50:22 UTC] PHP Notice:  Undefined index: temp in /Applications/MAMP/htdocs/wp/wp-content/themes/trvancouver/weather.php on line 687
[28-Nov-2017 07:50:22 UTC] PHP Notice:  Undefined index: temp in /Applications/MAMP/htdocs/wp/wp-content/themes/trvancouver/weather.php on line 687
[28-Nov-2017 07:50:22 UTC] PHP Notice:  Undefined index: temp in /Applications/MAMP/htdocs/wp/wp-content/themes/trvancouver/weather.php on line 687
[28-Nov-2017 07:50:22 UTC] PHP Notice:  Undefined index: temp in /Applications/MAMP/htdocs/wp/wp-content/themes/trvancouver/weather.php on line 687
[28-Nov-2017 07:50:22 UTC] PHP Notice:  Undefined index: temp in /Applications/MAMP/htdocs/wp/wp-content/themes/trvancouver/weather.php on line 687
[28-Nov-2017 07:50:22 UTC] PHP Notice:  Undefined index: temp in /Applications/MAMP/htdocs/wp/wp-content/themes/trvancouver/weather.php on line 687
[28-Nov-2017 07:50:22 UTC] PHP Notice:  Undefined index: temp in /Applications/MAMP/htdocs/wp/wp-content/themes/trvancouver/weather.php on line 687
[28-Nov-2017 07:50:22 UTC] PHP Notice:  Undefined index: temp in /Applications/MAMP/htdocs/wp/wp-content/themes/trvancouver/weather.php on line 687
[28-Nov-2017 07:50:22 UTC] PHP Notice:  Undefined index: temp in /Applications/MAMP/htdocs/wp/wp-content/themes/trvancouver/weather.php on line 687
[28-Nov-2017 07:50:22 UTC] PHP Notice:  Undefined index: temp in /Applications/MAMP/htdocs/wp/wp-content/themes/trvancouver/weather.php on line 687
[28-Nov-2017 07:50:22 UTC] PHP Notice:  Undefined index: temp in /Applications/MAMP/htdocs/wp/wp-content/themes/trvancouver/weather.php on line 687
[28-Nov-2017 07:50:22 UTC] PHP Notice:  Undefined index: temp in /Applications/MAMP/htdocs/wp/wp-content/themes/trvancouver/weather.php on line 687
[28-Nov-2017 07:50:22 UTC] PHP Notice:  Undefined index: temp in /Applications/MAMP/htdocs/wp/wp-content/themes/trvancouver/weather.php on line 687
[28-Nov-2017 07:50:22 UTC] PHP Notice:  Undefined index: temp in /Applications/MAMP/htdocs/wp/wp-content/themes/trvancouver/weather.php on line 687
[28-Nov-2017 07:50:22 UTC] PHP Notice:  Undefined index: temp in /Applications/MAMP/htdocs/wp/wp-content/themes/trvancouver/weather.php on line 687
[28-Nov-2017 07:50:22 UTC] PHP Notice:  Undefined index: temp in /Applications/MAMP/htdocs/wp/wp-content/themes/trvancouver/weather.php on line 687
[28-Nov-2017 07:50:22 UTC] PHP Notice:  Undefined index: temp in /Applications/MAMP/htdocs/wp/wp-content/themes/trvancouver/weather.php on line 687
[28-Nov-2017 07:50:22 UTC] PHP Notice:  Undefined index: temp in /Applications/MAMP/htdocs/wp/wp-content/themes/trvancouver/weather.php on line 687
[28-Nov-2017 07:50:22 UTC] PHP Notice:  Undefined index: temp in /Applications/MAMP/htdocs/wp/wp-content/themes/trvancouver/weather.php on line 687
[28-Nov-2017 07:50:22 UTC] PHP Notice:  Undefined index: temp in /Applications/MAMP/htdocs/wp/wp-content/themes/trvancouver/weather.php on line 687
[28-Nov-2017 07:50:22 UTC] PHP Notice:  Undefined index: temp in /Applications/MAMP/htdocs/wp/wp-content/themes/trvancouver/weather.php on line 687
[28-Nov-2017 07:50:22 UTC] PHP Notice:  Undefined index: temp in /Applications/MAMP/htdocs/wp/wp-content/themes/trvancouver/weather.php on line 687
[28-Nov-2017 07:50:22 UTC] PHP Notice:  Undefined index: temp in /Applications/MAMP/htdocs/wp/wp-content/themes/trvancouver/weather.php on line 687
[03-Dec-2017 23:35:36 UTC] PHP Notice:  Undefined index: temp in /Applications/MAMP/htdocs/wp/wp-content/themes/trvancouver/weather.php on line 701
[03-Dec-2017 23:35:36 UTC] PHP Notice:  Undefined index: temp in /Applications/MAMP/htdocs/wp/wp-content/themes/trvancouver/weather.php on line 702
[03-Dec-2017 23:35:36 UTC] PHP Notice:  Undefined index: temp in /Applications/MAMP/htdocs/wp/wp-content/themes/trvancouver/weather.php on line 701
[03-Dec-2017 23:35:36 UTC] PHP Notice:  Undefined index: temp in /Applications/MAMP/htdocs/wp/wp-content/themes/trvancouver/weather.php on line 702
[03-Dec-2017 23:35:36 UTC] PHP Notice:  Undefined index: temp in /Applications/MAMP/htdocs/wp/wp-content/themes/trvancouver/weather.php on line 701
[03-Dec-2017 23:35:36 UTC] PHP Notice:  Undefined index: temp in /Applications/MAMP/htdocs/wp/wp-content/themes/trvancouver/weather.php on line 702
[03-Dec-2017 23:35:36 UTC] PHP Notice:  Undefined index: temp in /Applications/MAMP/htdocs/wp/wp-content/themes/trvancouver/weather.php on line 701
[03-Dec-2017 23:35:36 UTC] PHP Notice:  Undefined index: temp in /Applications/MAMP/htdocs/wp/wp-content/themes/trvancouver/weather.php on line 702
[03-Dec-2017 23:35:36 UTC] PHP Notice:  Undefined index: temp in /Applications/MAMP/htdocs/wp/wp-content/themes/trvancouver/weather.php on line 701
[03-Dec-2017 23:35:36 UTC] PHP Notice:  Undefined index: temp in /Applications/MAMP/htdocs/wp/wp-content/themes/trvancouver/weather.php on line 702
[03-Dec-2017 23:54:31 UTC] PHP Warning:  file_get_contents(weathertime.txt): failed to open stream: No such file or directory in /Applications/MAMP/htdocs/wp/wp-content/themes/trvancouver/weather.php on line 32
[04-Dec-2017 00:07:30 UTC] PHP Warning:  file_get_contents(weathertoday.json): failed to open stream: No such file or directory in /Applications/MAMP/htdocs/wp/wp-content/themes/trvancouver/weather.php on line 52
[04-Dec-2017 00:07:41 UTC] PHP Warning:  file_get_contents(weathertoday.json): failed to open stream: No such file or directory in /Applications/MAMP/htdocs/wp/wp-content/themes/trvancouver/weather.php on line 52
[04-Dec-2017 00:33:48 UTC] PHP Notice:  Undefined index: dt_text in /Applications/MAMP/htdocs/wp/wp-content/themes/trvancouver/weather.php on line 424
[04-Dec-2017 00:33:48 UTC] PHP Notice:  Undefined index:  in /Applications/MAMP/htdocs/wp/wp-content/themes/trvancouver/weather.php on line 425
[04-Dec-2017 00:33:48 UTC] PHP Warning:  in_array() expects parameter 2 to be array, null given in /Applications/MAMP/htdocs/wp/wp-content/themes/trvancouver/weather.php on line 426
[04-Dec-2017 00:33:48 UTC] PHP Notice:  Undefined index: dt_text in /Applications/MAMP/htdocs/wp/wp-content/themes/trvancouver/weather.php on line 424
[04-Dec-2017 00:33:48 UTC] PHP Notice:  Undefined index: dt_text in /Applications/MAMP/htdocs/wp/wp-content/themes/trvancouver/weather.php on line 424
[04-Dec-2017 00:33:48 UTC] PHP Notice:  Undefined index: dt_text in /Applications/MAMP/htdocs/wp/wp-content/themes/trvancouver/weather.php on line 424
[04-Dec-2017 00:33:48 UTC] PHP Notice:  Undefined index: dt_text in /Applications/MAMP/htdocs/wp/wp-content/themes/trvancouver/weather.php on line 424
[04-Dec-2017 00:33:48 UTC] PHP Notice:  Undefined index: dt_text in /Applications/MAMP/htdocs/wp/wp-content/themes/trvancouver/weather.php on line 424
[04-Dec-2017 00:33:48 UTC] PHP Notice:  Undefined index: dt_text in /Applications/MAMP/htdocs/wp/wp-content/themes/trvancouver/weather.php on line 424
[04-Dec-2017 00:34:19 UTC] PHP Notice:  Undefined index: dt_text in /Applications/MAMP/htdocs/wp/wp-content/themes/trvancouver/weather.php on line 425
[04-Dec-2017 00:34:19 UTC] PHP Notice:  Undefined index:  in /Applications/MAMP/htdocs/wp/wp-content/themes/trvancouver/weather.php on line 426
[04-Dec-2017 00:34:19 UTC] PHP Warning:  in_array() expects parameter 2 to be array, null given in /Applications/MAMP/htdocs/wp/wp-content/themes/trvancouver/weather.php on line 427
[04-Dec-2017 00:34:19 UTC] PHP Notice:  Undefined index: dt_text in /Applications/MAMP/htdocs/wp/wp-content/themes/trvancouver/weather.php on line 425
[04-Dec-2017 00:34:19 UTC] PHP Notice:  Undefined index: dt_text in /Applications/MAMP/htdocs/wp/wp-content/themes/trvancouver/weather.php on line 425
[04-Dec-2017 00:34:19 UTC] PHP Notice:  Undefined index: dt_text in /Applications/MAMP/htdocs/wp/wp-content/themes/trvancouver/weather.php on line 425
[04-Dec-2017 00:34:19 UTC] PHP Notice:  Undefined index: dt_text in /Applications/MAMP/htdocs/wp/wp-content/themes/trvancouver/weather.php on line 425
[04-Dec-2017 00:34:19 UTC] PHP Notice:  Undefined index: dt_text in /Applications/MAMP/htdocs/wp/wp-content/themes/trvancouver/weather.php on line 425
[04-Dec-2017 00:34:19 UTC] PHP Notice:  Undefined index: dt_text in /Applications/MAMP/htdocs/wp/wp-content/themes/trvancouver/weather.php on line 425
[04-Dec-2017 00:35:01 UTC] PHP Notice:  Undefined index: 2017-12-04 in /Applications/MAMP/htdocs/wp/wp-content/themes/trvancouver/weather.php on line 426
[04-Dec-2017 00:35:01 UTC] PHP Warning:  in_array() expects parameter 2 to be array, null given in /Applications/MAMP/htdocs/wp/wp-content/themes/trvancouver/weather.php on line 427
[04-Dec-2017 00:53:19 UTC] PHP Notice:  Undefined index: ts in /Applications/MAMP/htdocs/wp/wp-content/themes/trvancouver/weather.php on line 439
[04-Dec-2017 00:53:19 UTC] PHP Notice:  Undefined index: ts in /Applications/MAMP/htdocs/wp/wp-content/themes/trvancouver/weather.php on line 440
[04-Dec-2017 00:53:19 UTC] PHP Notice:  Undefined index: ts in /Applications/MAMP/htdocs/wp/wp-content/themes/trvancouver/weather.php on line 439
[04-Dec-2017 00:53:19 UTC] PHP Notice:  Undefined index: ts in /Applications/MAMP/htdocs/wp/wp-content/themes/trvancouver/weather.php on line 440
[04-Dec-2017 00:53:19 UTC] PHP Notice:  Undefined index: ts in /Applications/MAMP/htdocs/wp/wp-content/themes/trvancouver/weather.php on line 439
[04-Dec-2017 00:53:19 UTC] PHP Notice:  Undefined index: ts in /Applications/MAMP/htdocs/wp/wp-content/themes/trvancouver/weather.php on line 440
[04-Dec-2017 00:53:19 UTC] PHP Notice:  Undefined index: ts in /Applications/MAMP/htdocs/wp/wp-content/themes/trvancouver/weather.php on line 439
[04-Dec-2017 00:53:19 UTC] PHP Notice:  Undefined index: ts in /Applications/MAMP/htdocs/wp/wp-content/themes/trvancouver/weather.php on line 440
[04-Dec-2017 00:53:19 UTC] PHP Notice:  Undefined index: ts in /Applications/MAMP/htdocs/wp/wp-content/themes/trvancouver/weather.php on line 439
[04-Dec-2017 00:53:19 UTC] PHP Notice:  Undefined index: ts in /Applications/MAMP/htdocs/wp/wp-content/themes/trvancouver/weather.php on line 440
[04-Dec-2017 00:53:40 UTC] PHP Notice:  Undefined index: ts in /Applications/MAMP/htdocs/wp/wp-content/themes/trvancouver/weather.php on line 439
[04-Dec-2017 00:53:40 UTC] PHP Notice:  Undefined index: ts in /Applications/MAMP/htdocs/wp/wp-content/themes/trvancouver/weather.php on line 440
[04-Dec-2017 00:53:40 UTC] PHP Notice:  Undefined index: ts in /Applications/MAMP/htdocs/wp/wp-content/themes/trvancouver/weather.php on line 439
[04-Dec-2017 00:53:40 UTC] PHP Notice:  Undefined index: ts in /Applications/MAMP/htdocs/wp/wp-content/themes/trvancouver/weather.php on line 440
[04-Dec-2017 00:53:40 UTC] PHP Notice:  Undefined index: ts in /Applications/MAMP/htdocs/wp/wp-content/themes/trvancouver/weather.php on line 439
[04-Dec-2017 00:53:40 UTC] PHP Notice:  Undefined index: ts in /Applications/MAMP/htdocs/wp/wp-content/themes/trvancouver/weather.php on line 440
[04-Dec-2017 00:53:40 UTC] PHP Notice:  Undefined index: ts in /Applications/MAMP/htdocs/wp/wp-content/themes/trvancouver/weather.php on line 439
[04-Dec-2017 00:53:40 UTC] PHP Notice:  Undefined index: ts in /Applications/MAMP/htdocs/wp/wp-content/themes/trvancouver/weather.php on line 440
[04-Dec-2017 00:53:40 UTC] PHP Notice:  Undefined index: ts in /Applications/MAMP/htdocs/wp/wp-content/themes/trvancouver/weather.php on line 439
[04-Dec-2017 00:53:40 UTC] PHP Notice:  Undefined index: ts in /Applications/MAMP/htdocs/wp/wp-content/themes/trvancouver/weather.php on line 440
[04-Dec-2017 00:54:17 UTC] PHP Notice:  Undefined index: ts in /Applications/MAMP/htdocs/wp/wp-content/themes/trvancouver/weather.php on line 440
[04-Dec-2017 00:54:17 UTC] PHP Notice:  Undefined index: ts in /Applications/MAMP/htdocs/wp/wp-content/themes/trvancouver/weather.php on line 441
[04-Dec-2017 00:54:17 UTC] PHP Notice:  Undefined index: ts in /Applications/MAMP/htdocs/wp/wp-content/themes/trvancouver/weather.php on line 440
[04-Dec-2017 00:54:17 UTC] PHP Notice:  Undefined index: ts in /Applications/MAMP/htdocs/wp/wp-content/themes/trvancouver/weather.php on line 441
[04-Dec-2017 00:54:17 UTC] PHP Notice:  Undefined index: ts in /Applications/MAMP/htdocs/wp/wp-content/themes/trvancouver/weather.php on line 440
[04-Dec-2017 00:54:17 UTC] PHP Notice:  Undefined index: ts in /Applications/MAMP/htdocs/wp/wp-content/themes/trvancouver/weather.php on line 441
[04-Dec-2017 00:54:17 UTC] PHP Notice:  Undefined index: ts in /Applications/MAMP/htdocs/wp/wp-content/themes/trvancouver/weather.php on line 440
[04-Dec-2017 00:54:17 UTC] PHP Notice:  Undefined index: ts in /Applications/MAMP/htdocs/wp/wp-content/themes/trvancouver/weather.php on line 441
[04-Dec-2017 00:54:17 UTC] PHP Notice:  Undefined index: ts in /Applications/MAMP/htdocs/wp/wp-content/themes/trvancouver/weather.php on line 440
[04-Dec-2017 00:54:17 UTC] PHP Notice:  Undefined index: ts in /Applications/MAMP/htdocs/wp/wp-content/themes/trvancouver/weather.php on line 441
[04-Dec-2017 00:59:57 UTC] PHP Notice:  Undefined index: dt in /Applications/MAMP/htdocs/wp/wp-content/themes/trvancouver/weather.php on line 453
[04-Dec-2017 00:59:57 UTC] PHP Notice:  Undefined index: dt in /Applications/MAMP/htdocs/wp/wp-content/themes/trvancouver/weather.php on line 453
[04-Dec-2017 00:59:57 UTC] PHP Notice:  Undefined index: dt in /Applications/MAMP/htdocs/wp/wp-content/themes/trvancouver/weather.php on line 453
[04-Dec-2017 00:59:57 UTC] PHP Notice:  Undefined index: dt in /Applications/MAMP/htdocs/wp/wp-content/themes/trvancouver/weather.php on line 453
[04-Dec-2017 00:59:57 UTC] PHP Notice:  Undefined index: dt in /Applications/MAMP/htdocs/wp/wp-content/themes/trvancouver/weather.php on line 453
[04-Dec-2017 01:02:46 UTC] PHP Notice:  Undefined variable: attr in /Applications/MAMP/htdocs/wp/wp-content/themes/trvancouver/footer.php on line 59
[04-Dec-2017 02:16:46 UTC] PHP Deprecated:  Methods with the same name as their class will not be constructors in a future version of PHP; weather_tr has a deprecated constructor in /Applications/MAMP/htdocs/wp/wp-content/themes/trvancouver/functions.php on line 80
[04-Dec-2017 02:16:46 UTC] PHP Notice:  The called constructor method for WP_Widget in weather_tr is <strong>deprecated</strong> since version 4.3.0! Use <pre>__construct()</pre> instead. in /Applications/MAMP/htdocs/wp/wp-includes/functions.php on line 3901
[04-Dec-2017 02:16:48 UTC] PHP Deprecated:  Methods with the same name as their class will not be constructors in a future version of PHP; weather_tr has a deprecated constructor in /Applications/MAMP/htdocs/wp/wp-content/themes/trvancouver/functions.php on line 80
[04-Dec-2017 02:16:48 UTC] PHP Notice:  The called constructor method for WP_Widget in weather_tr is <strong>deprecated</strong> since version 4.3.0! Use <pre>__construct()</pre> instead. in /Applications/MAMP/htdocs/wp/wp-includes/functions.php on line 3901
[04-Dec-2017 02:16:52 UTC] PHP Deprecated:  Methods with the same name as their class will not be constructors in a future version of PHP; weather_tr has a deprecated constructor in /Applications/MAMP/htdocs/wp/wp-content/themes/trvancouver/functions.php on line 80
[04-Dec-2017 02:16:52 UTC] PHP Notice:  The called constructor method for WP_Widget in weather_tr is <strong>deprecated</strong> since version 4.3.0! Use <pre>__construct()</pre> instead. in /Applications/MAMP/htdocs/wp/wp-includes/functions.php on line 3901
[04-Dec-2017 02:16:52 UTC] PHP Warning:  Cannot modify header information - headers already sent by (output started at /Applications/MAMP/htdocs/wp/wp-content/themes/trvancouver/functions.php:80) in /Applications/MAMP/htdocs/wp/wp-admin/includes/misc.php on line 1114
[04-Dec-2017 02:17:24 UTC] PHP Deprecated:  Methods with the same name as their class will not be constructors in a future version of PHP; weather_tr has a deprecated constructor in /Applications/MAMP/htdocs/wp/wp-content/themes/trvancouver/functions.php on line 80
[04-Dec-2017 02:17:24 UTC] PHP Notice:  The called constructor method for WP_Widget in weather_tr is <strong>deprecated</strong> since version 4.3.0! Use <pre>__construct()</pre> instead. in /Applications/MAMP/htdocs/wp/wp-includes/functions.php on line 3901
[04-Dec-2017 02:17:24 UTC] PHP Warning:  Cannot modify header information - headers already sent by (output started at /Applications/MAMP/htdocs/wp/wp-content/themes/trvancouver/functions.php:80) in /Applications/MAMP/htdocs/wp/wp-admin/includes/misc.php on line 1114
[04-Dec-2017 02:18:30 UTC] PHP Deprecated:  Methods with the same name as their class will not be constructors in a future version of PHP; weather_tr has a deprecated constructor in /Applications/MAMP/htdocs/wp/wp-content/themes/trvancouver/functions.php on line 80
[04-Dec-2017 02:18:30 UTC] PHP Notice:  The called constructor method for WP_Widget in weather_tr is <strong>deprecated</strong> since version 4.3.0! Use <pre>__construct()</pre> instead. in /Applications/MAMP/htdocs/wp/wp-includes/functions.php on line 3901
[04-Dec-2017 02:18:45 UTC] PHP Deprecated:  Methods with the same name as their class will not be constructors in a future version of PHP; weather_tr has a deprecated constructor in /Applications/MAMP/htdocs/wp/wp-content/themes/trvancouver/functions.php on line 80
[04-Dec-2017 02:18:45 UTC] PHP Notice:  The called constructor method for WP_Widget in weather_tr is <strong>deprecated</strong> since version 4.3.0! Use <pre>__construct()</pre> instead. in /Applications/MAMP/htdocs/wp/wp-includes/functions.php on line 3901
[04-Dec-2017 02:18:46 UTC] PHP Deprecated:  Methods with the same name as their class will not be constructors in a future version of PHP; weather_tr has a deprecated constructor in /Applications/MAMP/htdocs/wp/wp-content/themes/trvancouver/functions.php on line 80
[04-Dec-2017 02:18:46 UTC] PHP Notice:  The called constructor method for WP_Widget in weather_tr is <strong>deprecated</strong> since version 4.3.0! Use <pre>__construct()</pre> instead. in /Applications/MAMP/htdocs/wp/wp-includes/functions.php on line 3901
[04-Dec-2017 02:19:47 UTC] PHP Deprecated:  Methods with the same name as their class will not be constructors in a future version of PHP; weather_tr has a deprecated constructor in /Applications/MAMP/htdocs/wp/wp-content/themes/trvancouver/functions.php on line 80
[04-Dec-2017 02:19:48 UTC] PHP Notice:  The called constructor method for WP_Widget in weather_tr is <strong>deprecated</strong> since version 4.3.0! Use <pre>__construct()</pre> instead. in /Applications/MAMP/htdocs/wp/wp-includes/functions.php on line 3901
[04-Dec-2017 02:20:31 UTC] PHP Deprecated:  Methods with the same name as their class will not be constructors in a future version of PHP; weather_tr has a deprecated constructor in /Applications/MAMP/htdocs/wp/wp-content/themes/trvancouver/functions.php on line 80
[04-Dec-2017 02:20:31 UTC] PHP Notice:  The called constructor method for WP_Widget in weather_tr is <strong>deprecated</strong> since version 4.3.0! Use <pre>__construct()</pre> instead. in /Applications/MAMP/htdocs/wp/wp-includes/functions.php on line 3901
[04-Dec-2017 02:21:47 UTC] PHP Deprecated:  Methods with the same name as their class will not be constructors in a future version of PHP; weather_tr has a deprecated constructor in /Applications/MAMP/htdocs/wp/wp-content/themes/trvancouver/functions.php on line 80
[04-Dec-2017 02:21:47 UTC] PHP Notice:  The called constructor method for WP_Widget in weather_tr is <strong>deprecated</strong> since version 4.3.0! Use <pre>__construct()</pre> instead. in /Applications/MAMP/htdocs/wp/wp-includes/functions.php on line 3901
[04-Dec-2017 02:22:32 UTC] PHP Deprecated:  Methods with the same name as their class will not be constructors in a future version of PHP; weather_tr has a deprecated constructor in /Applications/MAMP/htdocs/wp/wp-content/themes/trvancouver/functions.php on line 80
[04-Dec-2017 02:22:32 UTC] PHP Notice:  The called constructor method for WP_Widget in weather_tr is <strong>deprecated</strong> since version 4.3.0! Use <pre>__construct()</pre> instead. in /Applications/MAMP/htdocs/wp/wp-includes/functions.php on line 3901
[04-Dec-2017 02:24:19 UTC] PHP Deprecated:  Methods with the same name as their class will not be constructors in a future version of PHP; weather_tr has a deprecated constructor in /Applications/MAMP/htdocs/wp/wp-content/plugins/weather-tr/index.php on line 13
[04-Dec-2017 02:24:20 UTC] PHP Deprecated:  Methods with the same name as their class will not be constructors in a future version of PHP; weather_tr has a deprecated constructor in /Applications/MAMP/htdocs/wp/wp-content/plugins/weather-tr/index.php on line 13
[04-Dec-2017 02:24:20 UTC] PHP Notice:  The called constructor method for WP_Widget in weather_tr is <strong>deprecated</strong> since version 4.3.0! Use <pre>__construct()</pre> instead. in /Applications/MAMP/htdocs/wp/wp-includes/functions.php on line 3901
[04-Dec-2017 02:24:21 UTC] PHP Warning:  Cannot modify header information - headers already sent by (output started at /Applications/MAMP/htdocs/wp/wp-content/plugins/weather-tr/index.php:13) in /Applications/MAMP/htdocs/wp/wp-admin/includes/misc.php on line 1114
[04-Dec-2017 02:25:23 UTC] PHP Deprecated:  Methods with the same name as their class will not be constructors in a future version of PHP; weather_tr has a deprecated constructor in /Applications/MAMP/htdocs/wp/wp-content/plugins/weather-tr/index.php on line 12
[04-Dec-2017 02:25:24 UTC] PHP Notice:  The called constructor method for WP_Widget in weather_tr is <strong>deprecated</strong> since version 4.3.0! Use <pre>__construct()</pre> instead. in /Applications/MAMP/htdocs/wp/wp-includes/functions.php on line 3901
[04-Dec-2017 02:25:42 UTC] PHP Notice:  The called constructor method for WP_Widget in weather_tr is <strong>deprecated</strong> since version 4.3.0! Use <pre>__construct()</pre> instead. in /Applications/MAMP/htdocs/wp/wp-includes/functions.php on line 3901
[04-Dec-2017 02:25:43 UTC] PHP Notice:  The called constructor method for WP_Widget in weather_tr is <strong>deprecated</strong> since version 4.3.0! Use <pre>__construct()</pre> instead. in /Applications/MAMP/htdocs/wp/wp-includes/functions.php on line 3901
[04-Dec-2017 02:25:43 UTC] PHP Warning:  Cannot modify header information - headers already sent by (output started at /Applications/MAMP/htdocs/wp/wp-includes/functions.php:3901) in /Applications/MAMP/htdocs/wp/wp-admin/includes/misc.php on line 1114
[04-Dec-2017 02:25:50 UTC] PHP Notice:  The called constructor method for WP_Widget in weather_tr is <strong>deprecated</strong> since version 4.3.0! Use <pre>__construct()</pre> instead. in /Applications/MAMP/htdocs/wp/wp-includes/functions.php on line 3901
[04-Dec-2017 02:25:54 UTC] PHP Notice:  The called constructor method for WP_Widget in weather_tr is <strong>deprecated</strong> since version 4.3.0! Use <pre>__construct()</pre> instead. in /Applications/MAMP/htdocs/wp/wp-includes/functions.php on line 3901
[04-Dec-2017 02:25:54 UTC] PHP Warning:  Cannot modify header information - headers already sent by (output started at /Applications/MAMP/htdocs/wp/wp-includes/functions.php:3901) in /Applications/MAMP/htdocs/wp/wp-admin/includes/misc.php on line 1114
[04-Dec-2017 02:26:15 UTC] PHP Notice:  The called constructor method for WP_Widget in weather_tr is <strong>deprecated</strong> since version 4.3.0! Use <pre>__construct()</pre> instead. in /Applications/MAMP/htdocs/wp/wp-includes/functions.php on line 3901
[04-Dec-2017 02:26:15 UTC] PHP Warning:  Cannot modify header information - headers already sent by (output started at /Applications/MAMP/htdocs/wp/wp-includes/functions.php:3901) in /Applications/MAMP/htdocs/wp/wp-admin/includes/misc.php on line 1114
[04-Dec-2017 02:26:34 UTC] PHP Notice:  The called constructor method for WP_Widget in weather_tr is <strong>deprecated</strong> since version 4.3.0! Use <pre>__construct()</pre> instead. in /Applications/MAMP/htdocs/wp/wp-includes/functions.php on line 3901
[04-Dec-2017 02:26:34 UTC] PHP Warning:  Cannot modify header information - headers already sent by (output started at /Applications/MAMP/htdocs/wp/wp-includes/functions.php:3901) in /Applications/MAMP/htdocs/wp/wp-admin/includes/misc.php on line 1114
[04-Dec-2017 02:27:07 UTC] PHP Notice:  The called constructor method for WP_Widget in weather_tr is <strong>deprecated</strong> since version 4.3.0! Use <pre>__construct()</pre> instead. in /Applications/MAMP/htdocs/wp/wp-includes/functions.php on line 3901
[04-Dec-2017 02:27:07 UTC] PHP Warning:  Cannot modify header information - headers already sent by (output started at /Applications/MAMP/htdocs/wp/wp-includes/functions.php:3901) in /Applications/MAMP/htdocs/wp/wp-admin/includes/misc.php on line 1114
[04-Dec-2017 02:27:21 UTC] PHP Notice:  The called constructor method for WP_Widget in weather_tr is <strong>deprecated</strong> since version 4.3.0! Use <pre>__construct()</pre> instead. in /Applications/MAMP/htdocs/wp/wp-includes/functions.php on line 3901
[04-Dec-2017 02:27:21 UTC] PHP Warning:  Cannot modify header information - headers already sent by (output started at /Applications/MAMP/htdocs/wp/wp-includes/functions.php:3901) in /Applications/MAMP/htdocs/wp/wp-admin/includes/misc.php on line 1114
[04-Dec-2017 02:27:49 UTC] PHP Notice:  The called constructor method for WP_Widget in weather_tr is <strong>deprecated</strong> since version 4.3.0! Use <pre>__construct()</pre> instead. in /Applications/MAMP/htdocs/wp/wp-includes/functions.php on line 3901
[04-Dec-2017 02:28:26 UTC] PHP Notice:  The called constructor method for WP_Widget in weather_tr is <strong>deprecated</strong> since version 4.3.0! Use <pre>__construct()</pre> instead. in /Applications/MAMP/htdocs/wp/wp-includes/functions.php on line 3901
[04-Dec-2017 02:29:26 UTC] PHP Notice:  The called constructor method for WP_Widget in weather_tr is <strong>deprecated</strong> since version 4.3.0! Use <pre>__construct()</pre> instead. in /Applications/MAMP/htdocs/wp/wp-includes/functions.php on line 3901
[04-Dec-2017 02:31:27 UTC] PHP Notice:  The called constructor method for WP_Widget in weather_tr is <strong>deprecated</strong> since version 4.3.0! Use <pre>__construct()</pre> instead. in /Applications/MAMP/htdocs/wp/wp-includes/functions.php on line 3901
[04-Dec-2017 02:32:41 UTC] PHP Notice:  The called constructor method for WP_Widget in weather_tr is <strong>deprecated</strong> since version 4.3.0! Use <pre>__construct()</pre> instead. in /Applications/MAMP/htdocs/wp/wp-includes/functions.php on line 3901
[04-Dec-2017 02:32:42 UTC] PHP Notice:  The called constructor method for WP_Widget in weather_tr is <strong>deprecated</strong> since version 4.3.0! Use <pre>__construct()</pre> instead. in /Applications/MAMP/htdocs/wp/wp-includes/functions.php on line 3901
[04-Dec-2017 02:32:42 UTC] PHP Warning:  Cannot modify header information - headers already sent by (output started at /Applications/MAMP/htdocs/wp/wp-includes/functions.php:3901) in /Applications/MAMP/htdocs/wp/wp-admin/includes/misc.php on line 1114
[04-Dec-2017 02:33:07 UTC] PHP Notice:  The called constructor method for WP_Widget in weather_tr is <strong>deprecated</strong> since version 4.3.0! Use <pre>__construct()</pre> instead. in /Applications/MAMP/htdocs/wp/wp-includes/functions.php on line 3901
[04-Dec-2017 02:33:07 UTC] PHP Warning:  Cannot modify header information - headers already sent by (output started at /Applications/MAMP/htdocs/wp/wp-includes/functions.php:3901) in /Applications/MAMP/htdocs/wp/wp-admin/includes/misc.php on line 1114
[04-Dec-2017 02:33:27 UTC] PHP Notice:  The called constructor method for WP_Widget in weather_tr is <strong>deprecated</strong> since version 4.3.0! Use <pre>__construct()</pre> instead. in /Applications/MAMP/htdocs/wp/wp-includes/functions.php on line 3901
[04-Dec-2017 02:33:29 UTC] PHP Notice:  The called constructor method for WP_Widget in weather_tr is <strong>deprecated</strong> since version 4.3.0! Use <pre>__construct()</pre> instead. in /Applications/MAMP/htdocs/wp/wp-includes/functions.php on line 3901
[04-Dec-2017 02:33:35 UTC] PHP Notice:  The called constructor method for WP_Widget in weather_tr is <strong>deprecated</strong> since version 4.3.0! Use <pre>__construct()</pre> instead. in /Applications/MAMP/htdocs/wp/wp-includes/functions.php on line 3901
[04-Dec-2017 02:33:35 UTC] PHP Notice:  Undefined variable: ret in /Applications/MAMP/htdocs/wp/wp-content/plugins/weather-tr/index.php on line 37
[04-Dec-2017 02:34:11 UTC] PHP Notice:  The called constructor method for WP_Widget in weather_tr is <strong>deprecated</strong> since version 4.3.0! Use <pre>__construct()</pre> instead. in /Applications/MAMP/htdocs/wp/wp-includes/functions.php on line 3901
[04-Dec-2017 02:34:14 UTC] PHP Notice:  The called constructor method for WP_Widget in weather_tr is <strong>deprecated</strong> since version 4.3.0! Use <pre>__construct()</pre> instead. in /Applications/MAMP/htdocs/wp/wp-includes/functions.php on line 3901
